0 verbose cli C:\Program Files\nodejs\node.exe C:\Program Files\nodejs\node_modules\npm\bin\npm-cli.js
1 info using npm@9.4.0
2 info using node@v19.6.0
3 timing npm:load:whichnode Completed in 2ms
4 timing config:load:defaults Completed in 1ms
5 timing config:load:file:C:\Program Files\nodejs\node_modules\npm\npmrc Completed in 1ms
6 timing config:load:builtin Completed in 2ms
7 timing config:load:cli Completed in 1ms
8 timing config:load:env Completed in 1ms
9 timing config:load:file:D:\Proyectos personales\UberClone\AwesomeProject2\.npmrc Completed in 0ms
10 timing config:load:project Completed in 1ms
11 timing config:load:file:C:\Users\Felipe\.npmrc Completed in 0ms
12 timing config:load:user Completed in 1ms
13 timing config:load:file:C:\Users\Felipe\AppData\Roaming\npm\etc\npmrc Completed in 0ms
14 timing config:load:global Completed in 0ms
15 timing config:load:setEnvs Completed in 1ms
16 timing config:load Completed in 8ms
17 timing npm:load:configload Completed in 8ms
18 timing npm:load:mkdirpcache Completed in 0ms
19 timing npm:load:mkdirplogs Completed in 0ms
20 verbose title npm start
21 verbose argv "start" "--cache" "false"
22 timing npm:load:setTitle Completed in 1ms
23 timing config:load:flatten Completed in 2ms
24 timing npm:load:display Completed in 4ms
25 verbose logfile logs-max:10 dir:D:\Proyectos personales\UberClone\AwesomeProject2\false\_logs\2023-10-02T23_40_31_299Z-
26 verbose logfile D:\Proyectos personales\UberClone\AwesomeProject2\false\_logs\2023-10-02T23_40_31_299Z-debug-0.log
27 timing npm:load:logFile Completed in 5ms
28 timing npm:load:timers Completed in 0ms
29 timing npm:load:configScope Completed in 0ms
30 timing npm:load Completed in 20ms
31 silly logfile done cleaning log files
